{
  "RSpec": {
    "coverage": {
      "/Users/larahoyatrujillo/Documents/code_challenges/GroopiePets/spec/support/controller_helpers.rb": [
        1,
        1,
        0,
        0,
        0,
        0,
        null,
        0,
        0,
        null,
        null,
        null
      ],
      "/Users/larahoyatrujillo/Documents/code_challenges/GroopiePets/spec/support/factory_girl.rb": [
        1,
        1,
        null
      ],
      "/Users/larahoyatrujillo/Documents/code_challenges/GroopiePets/spec/support/database_cleaner.rb": [
        1,
        null,
        1,
        1,
        null,
        null,
        1,
        6,
        null,
        null,
        1,
        0,
        null,
        null,
        1,
        6,
        null,
        null,
        1,
        6,
        null,
        null,
        null
      ],
      "/Users/larahoyatrujillo/Documents/code_challenges/GroopiePets/spec/models/pet_spec.rb": [
        1,
        null,
        1,
        1,
        1,
        1,
        null,
        null,
        1,
        1,
        null,
        null,
        1,
        1,
        null,
        null,
        1,
        1,
        null,
        null,
        1,
        1,
        null,
        null,
        1,
        1,
        null,
        null,
        null
      ],
      "/Users/larahoyatrujillo/Documents/code_challenges/GroopiePets/spec/rails_helper.rb": [
        null,
        1,
        1,
        null,
        1,
        1,
        1,
        null,
        null,
        null,
        null,
        null,
        null,
        null,
        null,
        null,
        null,
        null,
        null,
        null,
        null,
        null,
        null,
        null,
        null,
        null,
        1,
        null,
        1,
        1,
        1,
        1,
        null,
        1,
        null,
        null,
        null,
        null,
        1,
        null,
        null,
        null,
        null,
        null,
        null,
        null,
        null,
        null,
        null,
        null,
        null,
        null,
        null,
        1,
        null,
        null,
        1,
        null,
        null,
        null
      ],
      "/Users/larahoyatrujillo/Documents/code_challenges/GroopiePets/config/environment.rb": [
        null,
        1,
        null,
        null,
        1
      ],
      "/Users/larahoyatrujillo/Documents/code_challenges/GroopiePets/config/application.rb": [
        1,
        null,
        1,
        null,
        1,
        1,
        1,
        1,
        1,
        1,
        1,
        null,
        null,
        null,
        null,
        1,
        null,
        1,
        1,
        null,
        null,
        null,
        null,
        null,
        null,
        null,
        null,
        null,
        null,
        null,
        null,
        null,
        1,
        null,
        null
      ],
      "/Users/larahoyatrujillo/Documents/code_challenges/GroopiePets/config/boot.rb": [
        1,
        null,
        1
      ],
      "/Users/larahoyatrujillo/Documents/code_challenges/GroopiePets/config/environments/test.rb": [
        1,
        null,
        null,
        null,
        null,
        null,
        null,
        1,
        null,
        null,
        null,
        null,
        1,
        null,
        null,
        1,
        1,
        null,
        null,
        1,
        1,
        null,
        null,
        1,
        null,
        null,
        1,
        null,
        null,
        null,
        null,
        1,
        null,
        null,
        1,
        null,
        null,
        1,
        null,
        null,
        null,
        null
      ],
      "/Users/larahoyatrujillo/Documents/code_challenges/GroopiePets/config/initializers/assets.rb": [
        null,
        null,
        null,
        1,
        null,
        null,
        null,
        null,
        null,
        null,
        null
      ],
      "/Users/larahoyatrujillo/Documents/code_challenges/GroopiePets/config/initializers/backtrace_silencers.rb": [
        null,
        null,
        null,
        null,
        null,
        null,
        null
      ],
      "/Users/larahoyatrujillo/Documents/code_challenges/GroopiePets/config/initializers/cookies_serializer.rb": [
        null,
        null,
        1
      ],
      "/Users/larahoyatrujillo/Documents/code_challenges/GroopiePets/config/initializers/devise.rb": [
        null,
        null,
        1,
        null,
        null,
        null,
        null,
        null,
        null,
        null,
        null,
        null,
        null,
        null,
        1,
        null,
        null,
        null,
        null,
        null,
        null,
        null,
        null,
        1,
        null,
        null,
        null,
        null,
        null,
        null,
        null,
        null,
        null,
        null,
        null,
        null,
        null,
        null,
        null,
        null,
        null,
        null,
        null,
        null,
        null,
        1,
        null,
        null,
        null,
        null,
        1,
        null,
        null,
        null,
        null,
        null,
        null,
        null,
        null,
        null,
        null,
        null,
        null,
        null,
        null,
        null,
        null,
        null,
        null,
        null,
        null,
        null,
        null,
        null,
        null,
        null,
        null,
        null,
        null,
        null,
        null,
        1,
        null,
        null,
        null,
        null,
        null,
        null,
        null,
        null,
        null,
        null,
        null,
        null,
        null,
        null,
        null,
        null,
        1,
        null,
        null,
        null,
        null,
        null,
        null,
        null,
        null,
        null,
        null,
        null,
        null,
        null,
        null,
        null,
        null,
        null,
        null,
        null,
        null,
        null,
        null,
        null,
        null,
        null,
        null,
        null,
        1,
        null,
        null,
        null,
        null,
        null,
        null,
        null,
        null,
        null,
        1,
        null,
        null,
        null,
        null,
        null,
        null,
        null,
        null,
        null,
        null,
        1,
        null,
        null,
        null,
        null,
        null,
        null,
        null,
        null,
        null,
        null,
        null,
        null,
        null,
        null,
        null,
        null,
        null,
        null,
        null,
        null,
        null,
        null,
        null,
        null,
        null,
        null,
        null,
        null,
        null,
        null,
        null,
        null,
        null,
        null,
        null,
        null,
        null,
        null,
        null,
        null,
        null,
        null,
        null,
        null,
        null,
        1,
        null,
        null,
        null,
        null,
        null,
        null,
        null,
        null,
        null,
        null,
        null,
        null,
        null,
        null,
        null,
        null,
        null,
        null,
        null,
        null,
        null,
        null,
        null,
        null,
        null,
        null,
        null,
        null,
        null,
        null,
        null,
        null,
        null,
        null,
        null,
        null,
        null,
        null,
        null,
        null,
        null,
        1,
        null,
        null,
        null,
        null,
        null,
        null,
        null,
        null,
        null,
        null,
        null,
        null,
        null,
        null,
        null,
        null,
        null,
        null,
        null,
        null,
        null,
        null,
        null,
        null,
        null,
        null,
        null,
        null,
        null
      ],
      "/Users/larahoyatrujillo/Documents/code_challenges/GroopiePets/config/initializers/filter_parameter_logging.rb": [
        null,
        null,
        null,
        1
      ],
      "/Users/larahoyatrujillo/Documents/code_challenges/GroopiePets/config/initializers/inflections.rb": [
        null,
        null,
        null,
        null,
        null,
        null,
        null,
        null,
        null,
        null,
        null,
        null,
        null,
        null,
        null,
        null
      ],
      "/Users/larahoyatrujillo/Documents/code_challenges/GroopiePets/config/initializers/mime_types.rb": [
        null,
        null,
        null,
        null
      ],
      "/Users/larahoyatrujillo/Documents/code_challenges/GroopiePets/config/initializers/session_store.rb": [
        null,
        null,
        1
      ],
      "/Users/larahoyatrujillo/Documents/code_challenges/GroopiePets/config/initializers/wrap_parameters.rb": [
        null,
        null,
        null,
        null,
        null,
        null,
        1,
        1,
        null,
        null,
        null,
        null,
        null,
        null
      ],
      "/Users/larahoyatrujillo/Documents/code_challenges/GroopiePets/spec/factories/pets.rb": [
        1,
        null,
        1,
        6,
        6,
        4,
        null,
        null,
        null,
        null
      ],
      "/Users/larahoyatrujillo/Documents/code_challenges/GroopiePets/spec/factories/users.rb": [
        1,
        null,
        1,
        1,
        1,
        1,
        1,
        null,
        null,
        null
      ],
      "/Users/larahoyatrujillo/Documents/code_challenges/GroopiePets/config/routes.rb": [
        1,
        null,
        1,
        1,
        null,
        1,
        null
      ],
      "/Users/larahoyatrujillo/Documents/code_challenges/GroopiePets/app/models/user.rb": [
        1,
        null,
        null,
        1,
        null,
        null,
        1,
        null,
        1,
        null
      ],
      "/Users/larahoyatrujillo/Documents/code_challenges/GroopiePets/app/helpers/application_helper.rb": [
        1,
        null
      ],
      "/Users/larahoyatrujillo/Documents/code_challenges/GroopiePets/app/helpers/pets_helper.rb": [
        1,
        null
      ],
      "/Users/larahoyatrujillo/Documents/code_challenges/GroopiePets/app/helpers/site_helper.rb": [
        1,
        null
      ],
      "/Users/larahoyatrujillo/Documents/code_challenges/GroopiePets/app/models/pet.rb": [
        1,
        1,
        1,
        null,
        1,
        1,
        null,
        1,
        null
      ]
    },
    "timestamp": 1452788009
  }
}
